2025-06-27T00:14:37.620-05:00  INFO 23408 --- [Tukiaos-Academico] [JavaFX-Launcher] o.s.boot.SpringApplication               : Starting application using Java 17.0.12 with PID 23408 (started by Usuario in E:\POO-Myyspy\Tukiaos-Academico)
2025-06-27T00:14:37.629-05:00  INFO 23408 --- [Tukiaos-Academico] [JavaFX-Launcher] o.s.boot.SpringApplication               : No active profile set, falling back to 1 default profile: "default"
2025-06-27T00:14:38.144-05:00  INFO 23408 --- [Tukiaos-Academico] [JavaFX-Launcher] .s.d.r.c.RepositoryConfigurationDelegate : Bootstrapping Spring Data JPA repositories in DEFAULT mode.
2025-06-27T00:14:38.201-05:00  INFO 23408 --- [Tukiaos-Academico] [JavaFX-Launcher] .s.d.r.c.RepositoryConfigurationDelegate : Finished Spring Data repository scanning in 50 ms. Found 9 JPA repository interfaces.
2025-06-27T00:14:38.505-05:00  INFO 23408 --- [Tukiaos-Academico] [JavaFX-Launcher] o.hibernate.jpa.internal.util.LogHelper  : HHH000204: Processing PersistenceUnitInfo [name: default]
2025-06-27T00:14:38.540-05:00  INFO 23408 --- [Tukiaos-Academico] [JavaFX-Launcher] org.hibernate.Version                    : HHH000412: Hibernate ORM core version 6.6.15.Final
2025-06-27T00:14:38.564-05:00  INFO 23408 --- [Tukiaos-Academico] [JavaFX-Launcher] o.h.c.internal.RegionFactoryInitiator    : HHH000026: Second-level cache disabled
2025-06-27T00:14:38.814-05:00  INFO 23408 --- [Tukiaos-Academico] [JavaFX-Launcher] o.s.o.j.p.SpringPersistenceUnitInfo      : No LoadTimeWeaver setup: ignoring JPA class transformer
2025-06-27T00:14:38.865-05:00  INFO 23408 --- [Tukiaos-Academico] [JavaFX-Launcher] com.zaxxer.hikari.HikariDataSource       : HikariPool-1 - Starting...
2025-06-27T00:14:38.970-05:00  INFO 23408 --- [Tukiaos-Academico] [JavaFX-Launcher] com.zaxxer.hikari.pool.HikariPool        : HikariPool-1 - Added connection org.sqlite.jdbc4.JDBC4Connection@5d2aaf1a
2025-06-27T00:14:38.971-05:00  INFO 23408 --- [Tukiaos-Academico] [JavaFX-Launcher] com.zaxxer.hikari.HikariDataSource       : HikariPool-1 - Start completed.
2025-06-27T00:14:39.011-05:00  INFO 23408 --- [Tukiaos-Academico] [JavaFX-Launcher] org.hibernate.orm.connections.pooling    : HHH10001005: Database info:
	Database JDBC URL [Connecting through datasource 'HikariDataSource (HikariPool-1)']
	Database driver: undefined/unknown
	Database version: 3.46
	Autocommit mode: undefined/unknown
	Isolation level: undefined/unknown
	Minimum pool size: undefined/unknown
	Maximum pool size: undefined/unknown
2025-06-27T00:14:39.855-05:00  INFO 23408 --- [Tukiaos-Academico] [JavaFX-Launcher] o.h.e.t.j.p.i.JtaPlatformInitiator       : HHH000489: No JTA platform available (set 'hibernate.transaction.jta.platform' to enable JTA platform integration)
2025-06-27T00:14:39.879-05:00  INFO 23408 --- [Tukiaos-Academico] [JavaFX-Launcher] j.LocalContainerEntityManagerFactoryBean : Initialized JPA EntityManagerFactory for persistence unit 'default'
2025-06-27T00:14:40.181-05:00  INFO 23408 --- [Tukiaos-Academico] [JavaFX-Launcher] o.s.d.j.r.query.QueryEnhancerFactory     : Hibernate is in classpath; If applicable, HQL parser will be used.
2025-06-27T00:14:40.369-05:00  INFO 23408 --- [Tukiaos-Academico] [JavaFX-Launcher] o.s.boot.SpringApplication               : Started application in 3.285 seconds (process running for 3.835)
2025-06-27T00:14:46.860-05:00  WARN 23408 --- [Tukiaos-Academico] [JavaFX Application Thread] javafx                                   : Loading FXML document with JavaFX API of version 17.0.12 by JavaFX runtime of version 16
2025-06-27T00:18:53.234-05:00  INFO 23408 --- [Tukiaos-Academico] [SpringApplicationShutdownHook] j.LocalContainerEntityManagerFactoryBean : Closing JPA EntityManagerFactory for persistence unit 'default'
2025-06-27T00:18:53.237-05:00  INFO 23408 --- [Tukiaos-Academico] [SpringApplicationShutdownHook] com.zaxxer.hikari.HikariDataSource       : HikariPool-1 - Shutdown initiated...
2025-06-27T00:18:53.239-05:00  INFO 23408 --- [Tukiaos-Academico] [SpringApplicationShutdownHook] com.zaxxer.hikari.HikariDataSource       : HikariPool-1 - Shutdown completed.
2025-06-27T00:47:32.207-05:00  INFO 30344 --- [Tukiaos-Academico] [JavaFX-Launcher] o.s.boot.SpringApplication               : Starting application using Java 17.0.12 with PID 30344 (started by Usuario in E:\POO-Myyspy\Tukiaos-Academico)
2025-06-27T00:47:32.211-05:00  INFO 30344 --- [Tukiaos-Academico] [JavaFX-Launcher] o.s.boot.SpringApplication               : No active profile set, falling back to 1 default profile: "default"
2025-06-27T00:47:32.764-05:00  INFO 30344 --- [Tukiaos-Academico] [JavaFX-Launcher] .s.d.r.c.RepositoryConfigurationDelegate : Bootstrapping Spring Data JPA repositories in DEFAULT mode.
2025-06-27T00:47:32.826-05:00  INFO 30344 --- [Tukiaos-Academico] [JavaFX-Launcher] .s.d.r.c.RepositoryConfigurationDelegate : Finished Spring Data repository scanning in 55 ms. Found 9 JPA repository interfaces.
2025-06-27T00:47:33.110-05:00  INFO 30344 --- [Tukiaos-Academico] [JavaFX-Launcher] o.hibernate.jpa.internal.util.LogHelper  : HHH000204: Processing PersistenceUnitInfo [name: default]
2025-06-27T00:47:33.149-05:00  INFO 30344 --- [Tukiaos-Academico] [JavaFX-Launcher] org.hibernate.Version                    : HHH000412: Hibernate ORM core version 6.6.15.Final
2025-06-27T00:47:33.168-05:00  INFO 30344 --- [Tukiaos-Academico] [JavaFX-Launcher] o.h.c.internal.RegionFactoryInitiator    : HHH000026: Second-level cache disabled
2025-06-27T00:47:33.403-05:00  INFO 30344 --- [Tukiaos-Academico] [JavaFX-Launcher] o.s.o.j.p.SpringPersistenceUnitInfo      : No LoadTimeWeaver setup: ignoring JPA class transformer
2025-06-27T00:47:33.453-05:00  INFO 30344 --- [Tukiaos-Academico] [JavaFX-Launcher] com.zaxxer.hikari.HikariDataSource       : HikariPool-1 - Starting...
2025-06-27T00:47:33.552-05:00  INFO 30344 --- [Tukiaos-Academico] [JavaFX-Launcher] com.zaxxer.hikari.pool.HikariPool        : HikariPool-1 - Added connection org.sqlite.jdbc4.JDBC4Connection@7ef71842
2025-06-27T00:47:33.553-05:00  INFO 30344 --- [Tukiaos-Academico] [JavaFX-Launcher] com.zaxxer.hikari.HikariDataSource       : HikariPool-1 - Start completed.
2025-06-27T00:47:33.587-05:00  INFO 30344 --- [Tukiaos-Academico] [JavaFX-Launcher] org.hibernate.orm.connections.pooling    : HHH10001005: Database info:
	Database JDBC URL [Connecting through datasource 'HikariDataSource (HikariPool-1)']
	Database driver: undefined/unknown
	Database version: 3.46
	Autocommit mode: undefined/unknown
	Isolation level: undefined/unknown
	Minimum pool size: undefined/unknown
	Maximum pool size: undefined/unknown
2025-06-27T00:47:34.408-05:00  INFO 30344 --- [Tukiaos-Academico] [JavaFX-Launcher] o.h.e.t.j.p.i.JtaPlatformInitiator       : HHH000489: No JTA platform available (set 'hibernate.transaction.jta.platform' to enable JTA platform integration)
2025-06-27T00:47:34.434-05:00  INFO 30344 --- [Tukiaos-Academico] [JavaFX-Launcher] j.LocalContainerEntityManagerFactoryBean : Initialized JPA EntityManagerFactory for persistence unit 'default'
2025-06-27T00:47:34.738-05:00  INFO 30344 --- [Tukiaos-Academico] [JavaFX-Launcher] o.s.d.j.r.query.QueryEnhancerFactory     : Hibernate is in classpath; If applicable, HQL parser will be used.
2025-06-27T00:47:34.900-05:00  INFO 30344 --- [Tukiaos-Academico] [JavaFX-Launcher] o.s.boot.SpringApplication               : Started application in 3.236 seconds (process running for 3.818)
2025-06-27T00:47:41.064-05:00  WARN 30344 --- [Tukiaos-Academico] [JavaFX Application Thread] javafx                                   : Loading FXML document with JavaFX API of version 17.0.12 by JavaFX runtime of version 16
2025-06-27T01:00:13.917-05:00  INFO 30344 --- [Tukiaos-Academico] [SpringApplicationShutdownHook] j.LocalContainerEntityManagerFactoryBean : Closing JPA EntityManagerFactory for persistence unit 'default'
2025-06-27T01:00:13.919-05:00  INFO 30344 --- [Tukiaos-Academico] [SpringApplicationShutdownHook] com.zaxxer.hikari.HikariDataSource       : HikariPool-1 - Shutdown initiated...
2025-06-27T01:00:13.923-05:00  INFO 30344 --- [Tukiaos-Academico] [SpringApplicationShutdownHook] com.zaxxer.hikari.HikariDataSource       : HikariPool-1 - Shutdown completed.
2025-06-27T01:00:17.554-05:00  INFO 20168 --- [Tukiaos-Academico] [JavaFX-Launcher] o.s.boot.SpringApplication               : Starting application using Java 17.0.12 with PID 20168 (started by Usuario in E:\POO-Myyspy\Tukiaos-Academico)
2025-06-27T01:00:17.559-05:00  INFO 20168 --- [Tukiaos-Academico] [JavaFX-Launcher] o.s.boot.SpringApplication               : No active profile set, falling back to 1 default profile: "default"
2025-06-27T01:00:18.130-05:00  INFO 20168 --- [Tukiaos-Academico] [JavaFX-Launcher] .s.d.r.c.RepositoryConfigurationDelegate : Bootstrapping Spring Data JPA repositories in DEFAULT mode.
2025-06-27T01:00:18.197-05:00  INFO 20168 --- [Tukiaos-Academico] [JavaFX-Launcher] .s.d.r.c.RepositoryConfigurationDelegate : Finished Spring Data repository scanning in 60 ms. Found 9 JPA repository interfaces.
2025-06-27T01:00:18.504-05:00  INFO 20168 --- [Tukiaos-Academico] [JavaFX-Launcher] o.hibernate.jpa.internal.util.LogHelper  : HHH000204: Processing PersistenceUnitInfo [name: default]
2025-06-27T01:00:18.539-05:00  INFO 20168 --- [Tukiaos-Academico] [JavaFX-Launcher] org.hibernate.Version                    : HHH000412: Hibernate ORM core version 6.6.15.Final
2025-06-27T01:00:18.562-05:00  INFO 20168 --- [Tukiaos-Academico] [JavaFX-Launcher] o.h.c.internal.RegionFactoryInitiator    : HHH000026: Second-level cache disabled
2025-06-27T01:00:18.797-05:00  INFO 20168 --- [Tukiaos-Academico] [JavaFX-Launcher] o.s.o.j.p.SpringPersistenceUnitInfo      : No LoadTimeWeaver setup: ignoring JPA class transformer
2025-06-27T01:00:18.838-05:00  INFO 20168 --- [Tukiaos-Academico] [JavaFX-Launcher] com.zaxxer.hikari.HikariDataSource       : HikariPool-1 - Starting...
2025-06-27T01:00:18.953-05:00  INFO 20168 --- [Tukiaos-Academico] [JavaFX-Launcher] com.zaxxer.hikari.pool.HikariPool        : HikariPool-1 - Added connection org.sqlite.jdbc4.JDBC4Connection@17c5062a
2025-06-27T01:00:18.954-05:00  INFO 20168 --- [Tukiaos-Academico] [JavaFX-Launcher] com.zaxxer.hikari.HikariDataSource       : HikariPool-1 - Start completed.
2025-06-27T01:00:18.983-05:00  INFO 20168 --- [Tukiaos-Academico] [JavaFX-Launcher] org.hibernate.orm.connections.pooling    : HHH10001005: Database info:
	Database JDBC URL [Connecting through datasource 'HikariDataSource (HikariPool-1)']
	Database driver: undefined/unknown
	Database version: 3.46
	Autocommit mode: undefined/unknown
	Isolation level: undefined/unknown
	Minimum pool size: undefined/unknown
	Maximum pool size: undefined/unknown
2025-06-27T01:00:19.788-05:00  INFO 20168 --- [Tukiaos-Academico] [JavaFX-Launcher] o.h.e.t.j.p.i.JtaPlatformInitiator       : HHH000489: No JTA platform available (set 'hibernate.transaction.jta.platform' to enable JTA platform integration)
2025-06-27T01:00:19.816-05:00  INFO 20168 --- [Tukiaos-Academico] [JavaFX-Launcher] j.LocalContainerEntityManagerFactoryBean : Initialized JPA EntityManagerFactory for persistence unit 'default'
2025-06-27T01:00:20.111-05:00  INFO 20168 --- [Tukiaos-Academico] [JavaFX-Launcher] o.s.d.j.r.query.QueryEnhancerFactory     : Hibernate is in classpath; If applicable, HQL parser will be used.
2025-06-27T01:00:20.293-05:00  INFO 20168 --- [Tukiaos-Academico] [JavaFX-Launcher] o.s.boot.SpringApplication               : Started application in 3.281 seconds (process running for 3.848)
2025-06-27T01:00:28.194-05:00  WARN 20168 --- [Tukiaos-Academico] [JavaFX Application Thread] javafx                                   : Loading FXML document with JavaFX API of version 17.0.12 by JavaFX runtime of version 16
2025-06-27T01:02:17.242-05:00  INFO 20168 --- [Tukiaos-Academico] [SpringApplicationShutdownHook] j.LocalContainerEntityManagerFactoryBean : Closing JPA EntityManagerFactory for persistence unit 'default'
2025-06-27T01:02:17.246-05:00  INFO 20168 --- [Tukiaos-Academico] [SpringApplicationShutdownHook] com.zaxxer.hikari.HikariDataSource       : HikariPool-1 - Shutdown initiated...
2025-06-27T01:02:17.250-05:00  INFO 20168 --- [Tukiaos-Academico] [SpringApplicationShutdownHook] com.zaxxer.hikari.HikariDataSource       : HikariPool-1 - Shutdown completed.
2025-06-27T01:02:21.685-05:00  INFO 29396 --- [Tukiaos-Academico] [JavaFX-Launcher] o.s.boot.SpringApplication               : Starting application using Java 17.0.12 with PID 29396 (started by Usuario in E:\POO-Myyspy\Tukiaos-Academico)
2025-06-27T01:02:21.689-05:00  INFO 29396 --- [Tukiaos-Academico] [JavaFX-Launcher] o.s.boot.SpringApplication               : No active profile set, falling back to 1 default profile: "default"
2025-06-27T01:02:22.228-05:00  INFO 29396 --- [Tukiaos-Academico] [JavaFX-Launcher] .s.d.r.c.RepositoryConfigurationDelegate : Bootstrapping Spring Data JPA repositories in DEFAULT mode.
2025-06-27T01:02:22.289-05:00  INFO 29396 --- [Tukiaos-Academico] [JavaFX-Launcher] .s.d.r.c.RepositoryConfigurationDelegate : Finished Spring Data repository scanning in 54 ms. Found 9 JPA repository interfaces.
2025-06-27T01:02:22.557-05:00  INFO 29396 --- [Tukiaos-Academico] [JavaFX-Launcher] o.hibernate.jpa.internal.util.LogHelper  : HHH000204: Processing PersistenceUnitInfo [name: default]
2025-06-27T01:02:22.592-05:00  INFO 29396 --- [Tukiaos-Academico] [JavaFX-Launcher] org.hibernate.Version                    : HHH000412: Hibernate ORM core version 6.6.15.Final
2025-06-27T01:02:22.617-05:00  INFO 29396 --- [Tukiaos-Academico] [JavaFX-Launcher] o.h.c.internal.RegionFactoryInitiator    : HHH000026: Second-level cache disabled
2025-06-27T01:02:22.851-05:00  INFO 29396 --- [Tukiaos-Academico] [JavaFX-Launcher] o.s.o.j.p.SpringPersistenceUnitInfo      : No LoadTimeWeaver setup: ignoring JPA class transformer
2025-06-27T01:02:22.893-05:00  INFO 29396 --- [Tukiaos-Academico] [JavaFX-Launcher] com.zaxxer.hikari.HikariDataSource       : HikariPool-1 - Starting...
2025-06-27T01:02:22.990-05:00  INFO 29396 --- [Tukiaos-Academico] [JavaFX-Launcher] com.zaxxer.hikari.pool.HikariPool        : HikariPool-1 - Added connection org.sqlite.jdbc4.JDBC4Connection@38f04303
2025-06-27T01:02:22.992-05:00  INFO 29396 --- [Tukiaos-Academico] [JavaFX-Launcher] com.zaxxer.hikari.HikariDataSource       : HikariPool-1 - Start completed.
2025-06-27T01:02:23.020-05:00  INFO 29396 --- [Tukiaos-Academico] [JavaFX-Launcher] org.hibernate.orm.connections.pooling    : HHH10001005: Database info:
	Database JDBC URL [Connecting through datasource 'HikariDataSource (HikariPool-1)']
	Database driver: undefined/unknown
	Database version: 3.46
	Autocommit mode: undefined/unknown
	Isolation level: undefined/unknown
	Minimum pool size: undefined/unknown
	Maximum pool size: undefined/unknown
2025-06-27T01:02:23.797-05:00  INFO 29396 --- [Tukiaos-Academico] [JavaFX-Launcher] o.h.e.t.j.p.i.JtaPlatformInitiator       : HHH000489: No JTA platform available (set 'hibernate.transaction.jta.platform' to enable JTA platform integration)
2025-06-27T01:02:23.824-05:00  INFO 29396 --- [Tukiaos-Academico] [JavaFX-Launcher] j.LocalContainerEntityManagerFactoryBean : Initialized JPA EntityManagerFactory for persistence unit 'default'
2025-06-27T01:02:24.140-05:00  INFO 29396 --- [Tukiaos-Academico] [JavaFX-Launcher] o.s.d.j.r.query.QueryEnhancerFactory     : Hibernate is in classpath; If applicable, HQL parser will be used.
2025-06-27T01:02:24.345-05:00  INFO 29396 --- [Tukiaos-Academico] [JavaFX-Launcher] o.s.boot.SpringApplication               : Started application in 3.209 seconds (process running for 3.804)
2025-06-27T01:02:30.573-05:00  WARN 29396 --- [Tukiaos-Academico] [JavaFX Application Thread] javafx                                   : Loading FXML document with JavaFX API of version 17.0.12 by JavaFX runtime of version 16
2025-06-27T01:03:20.261-05:00  INFO 29396 --- [Tukiaos-Academico] [SpringApplicationShutdownHook] j.LocalContainerEntityManagerFactoryBean : Closing JPA EntityManagerFactory for persistence unit 'default'
2025-06-27T01:03:20.263-05:00  INFO 29396 --- [Tukiaos-Academico] [SpringApplicationShutdownHook] com.zaxxer.hikari.HikariDataSource       : HikariPool-1 - Shutdown initiated...
2025-06-27T01:03:20.265-05:00  INFO 29396 --- [Tukiaos-Academico] [SpringApplicationShutdownHook] com.zaxxer.hikari.HikariDataSource       : HikariPool-1 - Shutdown completed.
2025-06-27T01:07:41.673-05:00  INFO 3964 --- [Tukiaos-Academico] [JavaFX-Launcher] o.s.boot.SpringApplication               : Starting application using Java 17.0.12 with PID 3964 (started by Usuario in E:\POO-Myyspy\Tukiaos-Academico)
2025-06-27T01:07:41.678-05:00  INFO 3964 --- [Tukiaos-Academico] [JavaFX-Launcher] o.s.boot.SpringApplication               : No active profile set, falling back to 1 default profile: "default"
2025-06-27T01:07:42.218-05:00  INFO 3964 --- [Tukiaos-Academico] [JavaFX-Launcher] .s.d.r.c.RepositoryConfigurationDelegate : Bootstrapping Spring Data JPA repositories in DEFAULT mode.
2025-06-27T01:07:42.277-05:00  INFO 3964 --- [Tukiaos-Academico] [JavaFX-Launcher] .s.d.r.c.RepositoryConfigurationDelegate : Finished Spring Data repository scanning in 52 ms. Found 9 JPA repository interfaces.
2025-06-27T01:07:42.548-05:00  INFO 3964 --- [Tukiaos-Academico] [JavaFX-Launcher] o.hibernate.jpa.internal.util.LogHelper  : HHH000204: Processing PersistenceUnitInfo [name: default]
2025-06-27T01:07:42.582-05:00  INFO 3964 --- [Tukiaos-Academico] [JavaFX-Launcher] org.hibernate.Version                    : HHH000412: Hibernate ORM core version 6.6.15.Final
2025-06-27T01:07:42.604-05:00  INFO 3964 --- [Tukiaos-Academico] [JavaFX-Launcher] o.h.c.internal.RegionFactoryInitiator    : HHH000026: Second-level cache disabled
2025-06-27T01:07:42.847-05:00  INFO 3964 --- [Tukiaos-Academico] [JavaFX-Launcher] o.s.o.j.p.SpringPersistenceUnitInfo      : No LoadTimeWeaver setup: ignoring JPA class transformer
2025-06-27T01:07:42.883-05:00  INFO 3964 --- [Tukiaos-Academico] [JavaFX-Launcher] com.zaxxer.hikari.HikariDataSource       : HikariPool-1 - Starting...
2025-06-27T01:07:42.991-05:00  INFO 3964 --- [Tukiaos-Academico] [JavaFX-Launcher] com.zaxxer.hikari.pool.HikariPool        : HikariPool-1 - Added connection org.sqlite.jdbc4.JDBC4Connection@38f04303
2025-06-27T01:07:42.994-05:00  INFO 3964 --- [Tukiaos-Academico] [JavaFX-Launcher] com.zaxxer.hikari.HikariDataSource       : HikariPool-1 - Start completed.
2025-06-27T01:07:43.024-05:00  INFO 3964 --- [Tukiaos-Academico] [JavaFX-Launcher] org.hibernate.orm.connections.pooling    : HHH10001005: Database info:
	Database JDBC URL [Connecting through datasource 'HikariDataSource (HikariPool-1)']
	Database driver: undefined/unknown
	Database version: 3.46
	Autocommit mode: undefined/unknown
	Isolation level: undefined/unknown
	Minimum pool size: undefined/unknown
	Maximum pool size: undefined/unknown
2025-06-27T01:07:43.858-05:00  INFO 3964 --- [Tukiaos-Academico] [JavaFX-Launcher] o.h.e.t.j.p.i.JtaPlatformInitiator       : HHH000489: No JTA platform available (set 'hibernate.transaction.jta.platform' to enable JTA platform integration)
2025-06-27T01:07:43.883-05:00  INFO 3964 --- [Tukiaos-Academico] [JavaFX-Launcher] j.LocalContainerEntityManagerFactoryBean : Initialized JPA EntityManagerFactory for persistence unit 'default'
2025-06-27T01:07:44.241-05:00  INFO 3964 --- [Tukiaos-Academico] [JavaFX-Launcher] o.s.d.j.r.query.QueryEnhancerFactory     : Hibernate is in classpath; If applicable, HQL parser will be used.
2025-06-27T01:07:44.423-05:00  INFO 3964 --- [Tukiaos-Academico] [JavaFX-Launcher] o.s.boot.SpringApplication               : Started application in 3.305 seconds (process running for 3.878)
2025-06-27T01:07:50.201-05:00  WARN 3964 --- [Tukiaos-Academico] [JavaFX Application Thread] javafx                                   : Loading FXML document with JavaFX API of version 17.0.12 by JavaFX runtime of version 16
2025-06-27T01:08:38.326-05:00  INFO 3964 --- [Tukiaos-Academico] [SpringApplicationShutdownHook] j.LocalContainerEntityManagerFactoryBean : Closing JPA EntityManagerFactory for persistence unit 'default'
2025-06-27T01:08:38.329-05:00  INFO 3964 --- [Tukiaos-Academico] [SpringApplicationShutdownHook] com.zaxxer.hikari.HikariDataSource       : HikariPool-1 - Shutdown initiated...
2025-06-27T01:08:38.331-05:00  INFO 3964 --- [Tukiaos-Academico] [SpringApplicationShutdownHook] com.zaxxer.hikari.HikariDataSource       : HikariPool-1 - Shutdown completed.
2025-06-27T01:09:35.278-05:00  INFO 10452 --- [Tukiaos-Academico] [JavaFX-Launcher] o.s.boot.SpringApplication               : Starting application using Java 17.0.12 with PID 10452 (started by Usuario in E:\POO-Myyspy\Tukiaos-Academico)
2025-06-27T01:09:35.282-05:00  INFO 10452 --- [Tukiaos-Academico] [JavaFX-Launcher] o.s.boot.SpringApplication               : No active profile set, falling back to 1 default profile: "default"
2025-06-27T01:09:35.822-05:00  INFO 10452 --- [Tukiaos-Academico] [JavaFX-Launcher] .s.d.r.c.RepositoryConfigurationDelegate : Bootstrapping Spring Data JPA repositories in DEFAULT mode.
2025-06-27T01:09:35.880-05:00  INFO 10452 --- [Tukiaos-Academico] [JavaFX-Launcher] .s.d.r.c.RepositoryConfigurationDelegate : Finished Spring Data repository scanning in 53 ms. Found 9 JPA repository interfaces.
2025-06-27T01:09:36.149-05:00  INFO 10452 --- [Tukiaos-Academico] [JavaFX-Launcher] o.hibernate.jpa.internal.util.LogHelper  : HHH000204: Processing PersistenceUnitInfo [name: default]
2025-06-27T01:09:36.183-05:00  INFO 10452 --- [Tukiaos-Academico] [JavaFX-Launcher] org.hibernate.Version                    : HHH000412: Hibernate ORM core version 6.6.15.Final
2025-06-27T01:09:36.203-05:00  INFO 10452 --- [Tukiaos-Academico] [JavaFX-Launcher] o.h.c.internal.RegionFactoryInitiator    : HHH000026: Second-level cache disabled
2025-06-27T01:09:36.435-05:00  INFO 10452 --- [Tukiaos-Academico] [JavaFX-Launcher] o.s.o.j.p.SpringPersistenceUnitInfo      : No LoadTimeWeaver setup: ignoring JPA class transformer
2025-06-27T01:09:36.472-05:00  INFO 10452 --- [Tukiaos-Academico] [JavaFX-Launcher] com.zaxxer.hikari.HikariDataSource       : HikariPool-1 - Starting...
2025-06-27T01:09:36.579-05:00  INFO 10452 --- [Tukiaos-Academico] [JavaFX-Launcher] com.zaxxer.hikari.pool.HikariPool        : HikariPool-1 - Added connection org.sqlite.jdbc4.JDBC4Connection@350723ba
2025-06-27T01:09:36.581-05:00  INFO 10452 --- [Tukiaos-Academico] [JavaFX-Launcher] com.zaxxer.hikari.HikariDataSource       : HikariPool-1 - Start completed.
2025-06-27T01:09:36.612-05:00  INFO 10452 --- [Tukiaos-Academico] [JavaFX-Launcher] org.hibernate.orm.connections.pooling    : HHH10001005: Database info:
	Database JDBC URL [Connecting through datasource 'HikariDataSource (HikariPool-1)']
	Database driver: undefined/unknown
	Database version: 3.46
	Autocommit mode: undefined/unknown
	Isolation level: undefined/unknown
	Minimum pool size: undefined/unknown
	Maximum pool size: undefined/unknown
2025-06-27T01:09:37.456-05:00  INFO 10452 --- [Tukiaos-Academico] [JavaFX-Launcher] o.h.e.t.j.p.i.JtaPlatformInitiator       : HHH000489: No JTA platform available (set 'hibernate.transaction.jta.platform' to enable JTA platform integration)
2025-06-27T01:09:37.482-05:00  INFO 10452 --- [Tukiaos-Academico] [JavaFX-Launcher] j.LocalContainerEntityManagerFactoryBean : Initialized JPA EntityManagerFactory for persistence unit 'default'
2025-06-27T01:09:37.833-05:00  INFO 10452 --- [Tukiaos-Academico] [JavaFX-Launcher] o.s.d.j.r.query.QueryEnhancerFactory     : Hibernate is in classpath; If applicable, HQL parser will be used.
2025-06-27T01:09:37.997-05:00  INFO 10452 --- [Tukiaos-Academico] [JavaFX-Launcher] o.s.boot.SpringApplication               : Started application in 3.269 seconds (process running for 3.826)
2025-06-27T01:09:44.567-05:00  WARN 10452 --- [Tukiaos-Academico] [JavaFX Application Thread] javafx                                   : Loading FXML document with JavaFX API of version 17.0.12 by JavaFX runtime of version 16
2025-06-27T01:09:50.107-05:00  INFO 10452 --- [Tukiaos-Academico] [SpringApplicationShutdownHook] j.LocalContainerEntityManagerFactoryBean : Closing JPA EntityManagerFactory for persistence unit 'default'
2025-06-27T01:09:50.110-05:00  INFO 10452 --- [Tukiaos-Academico] [SpringApplicationShutdownHook] com.zaxxer.hikari.HikariDataSource       : HikariPool-1 - Shutdown initiated...
2025-06-27T01:09:50.112-05:00  INFO 10452 --- [Tukiaos-Academico] [SpringApplicationShutdownHook] com.zaxxer.hikari.HikariDataSource       : HikariPool-1 - Shutdown completed.
2025-06-27T01:10:19.018-05:00  INFO 25460 --- [Tukiaos-Academico] [JavaFX-Launcher] o.s.boot.SpringApplication               : Starting application using Java 17.0.12 with PID 25460 (started by Usuario in E:\POO-Myyspy\Tukiaos-Academico)
2025-06-27T01:10:19.023-05:00  INFO 25460 --- [Tukiaos-Academico] [JavaFX-Launcher] o.s.boot.SpringApplication               : No active profile set, falling back to 1 default profile: "default"
2025-06-27T01:10:19.565-05:00  INFO 25460 --- [Tukiaos-Academico] [JavaFX-Launcher] .s.d.r.c.RepositoryConfigurationDelegate : Bootstrapping Spring Data JPA repositories in DEFAULT mode.
2025-06-27T01:10:19.628-05:00  INFO 25460 --- [Tukiaos-Academico] [JavaFX-Launcher] .s.d.r.c.RepositoryConfigurationDelegate : Finished Spring Data repository scanning in 57 ms. Found 9 JPA repository interfaces.
2025-06-27T01:10:19.905-05:00  INFO 25460 --- [Tukiaos-Academico] [JavaFX-Launcher] o.hibernate.jpa.internal.util.LogHelper  : HHH000204: Processing PersistenceUnitInfo [name: default]
2025-06-27T01:10:19.939-05:00  INFO 25460 --- [Tukiaos-Academico] [JavaFX-Launcher] org.hibernate.Version                    : HHH000412: Hibernate ORM core version 6.6.15.Final
2025-06-27T01:10:19.960-05:00  INFO 25460 --- [Tukiaos-Academico] [JavaFX-Launcher] o.h.c.internal.RegionFactoryInitiator    : HHH000026: Second-level cache disabled
2025-06-27T01:10:20.175-05:00  INFO 25460 --- [Tukiaos-Academico] [JavaFX-Launcher] o.s.o.j.p.SpringPersistenceUnitInfo      : No LoadTimeWeaver setup: ignoring JPA class transformer
2025-06-27T01:10:20.213-05:00  INFO 25460 --- [Tukiaos-Academico] [JavaFX-Launcher] com.zaxxer.hikari.HikariDataSource       : HikariPool-1 - Starting...
2025-06-27T01:10:20.301-05:00  INFO 25460 --- [Tukiaos-Academico] [JavaFX-Launcher] com.zaxxer.hikari.pool.HikariPool        : HikariPool-1 - Added connection org.sqlite.jdbc4.JDBC4Connection@350723ba
2025-06-27T01:10:20.302-05:00  INFO 25460 --- [Tukiaos-Academico] [JavaFX-Launcher] com.zaxxer.hikari.HikariDataSource       : HikariPool-1 - Start completed.
2025-06-27T01:10:20.330-05:00  INFO 25460 --- [Tukiaos-Academico] [JavaFX-Launcher] org.hibernate.orm.connections.pooling    : HHH10001005: Database info:
	Database JDBC URL [Connecting through datasource 'HikariDataSource (HikariPool-1)']
	Database driver: undefined/unknown
	Database version: 3.46
	Autocommit mode: undefined/unknown
	Isolation level: undefined/unknown
	Minimum pool size: undefined/unknown
	Maximum pool size: undefined/unknown
2025-06-27T01:10:21.124-05:00  INFO 25460 --- [Tukiaos-Academico] [JavaFX-Launcher] o.h.e.t.j.p.i.JtaPlatformInitiator       : HHH000489: No JTA platform available (set 'hibernate.transaction.jta.platform' to enable JTA platform integration)
2025-06-27T01:10:21.150-05:00  INFO 25460 --- [Tukiaos-Academico] [JavaFX-Launcher] j.LocalContainerEntityManagerFactoryBean : Initialized JPA EntityManagerFactory for persistence unit 'default'
2025-06-27T01:10:21.464-05:00  INFO 25460 --- [Tukiaos-Academico] [JavaFX-Launcher] o.s.d.j.r.query.QueryEnhancerFactory     : Hibernate is in classpath; If applicable, HQL parser will be used.
2025-06-27T01:10:21.664-05:00  INFO 25460 --- [Tukiaos-Academico] [JavaFX-Launcher] o.s.boot.SpringApplication               : Started application in 3.205 seconds (process running for 3.777)
2025-06-27T01:10:27.128-05:00  WARN 25460 --- [Tukiaos-Academico] [JavaFX Application Thread] javafx                                   : Loading FXML document with JavaFX API of version 17.0.12 by JavaFX runtime of version 16
2025-06-27T01:10:30.667-05:00  INFO 25460 --- [Tukiaos-Academico] [SpringApplicationShutdownHook] j.LocalContainerEntityManagerFactoryBean : Closing JPA EntityManagerFactory for persistence unit 'default'
2025-06-27T01:10:30.669-05:00  INFO 25460 --- [Tukiaos-Academico] [SpringApplicationShutdownHook] com.zaxxer.hikari.HikariDataSource       : HikariPool-1 - Shutdown initiated...
2025-06-27T01:10:30.671-05:00  INFO 25460 --- [Tukiaos-Academico] [SpringApplicationShutdownHook] com.zaxxer.hikari.HikariDataSource       : HikariPool-1 - Shutdown completed.
2025-06-27T01:12:04.267-05:00  INFO 21008 --- [Tukiaos-Academico] [JavaFX-Launcher] o.s.boot.SpringApplication               : Starting application using Java 17.0.12 with PID 21008 (started by Usuario in E:\POO-Myyspy\Tukiaos-Academico)
2025-06-27T01:12:04.272-05:00  INFO 21008 --- [Tukiaos-Academico] [JavaFX-Launcher] o.s.boot.SpringApplication               : No active profile set, falling back to 1 default profile: "default"
2025-06-27T01:12:04.822-05:00  INFO 21008 --- [Tukiaos-Academico] [JavaFX-Launcher] .s.d.r.c.RepositoryConfigurationDelegate : Bootstrapping Spring Data JPA repositories in DEFAULT mode.
2025-06-27T01:12:04.879-05:00  INFO 21008 --- [Tukiaos-Academico] [JavaFX-Launcher] .s.d.r.c.RepositoryConfigurationDelegate : Finished Spring Data repository scanning in 51 ms. Found 9 JPA repository interfaces.
2025-06-27T01:12:05.150-05:00  INFO 21008 --- [Tukiaos-Academico] [JavaFX-Launcher] o.hibernate.jpa.internal.util.LogHelper  : HHH000204: Processing PersistenceUnitInfo [name: default]
2025-06-27T01:12:05.183-05:00  INFO 21008 --- [Tukiaos-Academico] [JavaFX-Launcher] org.hibernate.Version                    : HHH000412: Hibernate ORM core version 6.6.15.Final
2025-06-27T01:12:05.205-05:00  INFO 21008 --- [Tukiaos-Academico] [JavaFX-Launcher] o.h.c.internal.RegionFactoryInitiator    : HHH000026: Second-level cache disabled
2025-06-27T01:12:05.434-05:00  INFO 21008 --- [Tukiaos-Academico] [JavaFX-Launcher] o.s.o.j.p.SpringPersistenceUnitInfo      : No LoadTimeWeaver setup: ignoring JPA class transformer
2025-06-27T01:12:05.477-05:00  INFO 21008 --- [Tukiaos-Academico] [JavaFX-Launcher] com.zaxxer.hikari.HikariDataSource       : HikariPool-1 - Starting...
2025-06-27T01:12:05.578-05:00  INFO 21008 --- [Tukiaos-Academico] [JavaFX-Launcher] com.zaxxer.hikari.pool.HikariPool        : HikariPool-1 - Added connection org.sqlite.jdbc4.JDBC4Connection@2e3ea9ff
2025-06-27T01:12:05.579-05:00  INFO 21008 --- [Tukiaos-Academico] [JavaFX-Launcher] com.zaxxer.hikari.HikariDataSource       : HikariPool-1 - Start completed.
2025-06-27T01:12:05.613-05:00  INFO 21008 --- [Tukiaos-Academico] [JavaFX-Launcher] org.hibernate.orm.connections.pooling    : HHH10001005: Database info:
	Database JDBC URL [Connecting through datasource 'HikariDataSource (HikariPool-1)']
	Database driver: undefined/unknown
	Database version: 3.46
	Autocommit mode: undefined/unknown
	Isolation level: undefined/unknown
	Minimum pool size: undefined/unknown
	Maximum pool size: undefined/unknown
2025-06-27T01:12:06.387-05:00  INFO 21008 --- [Tukiaos-Academico] [JavaFX-Launcher] o.h.e.t.j.p.i.JtaPlatformInitiator       : HHH000489: No JTA platform available (set 'hibernate.transaction.jta.platform' to enable JTA platform integration)
2025-06-27T01:12:06.411-05:00  INFO 21008 --- [Tukiaos-Academico] [JavaFX-Launcher] j.LocalContainerEntityManagerFactoryBean : Initialized JPA EntityManagerFactory for persistence unit 'default'
2025-06-27T01:12:06.721-05:00  INFO 21008 --- [Tukiaos-Academico] [JavaFX-Launcher] o.s.d.j.r.query.QueryEnhancerFactory     : Hibernate is in classpath; If applicable, HQL parser will be used.
2025-06-27T01:12:06.928-05:00  INFO 21008 --- [Tukiaos-Academico] [JavaFX-Launcher] o.s.boot.SpringApplication               : Started application in 3.21 seconds (process running for 3.774)
2025-06-27T01:12:13.195-05:00  WARN 21008 --- [Tukiaos-Academico] [JavaFX Application Thread] javafx                                   : Loading FXML document with JavaFX API of version 17.0.12 by JavaFX runtime of version 16
2025-06-27T01:12:18.739-05:00  INFO 21008 --- [Tukiaos-Academico] [SpringApplicationShutdownHook] j.LocalContainerEntityManagerFactoryBean : Closing JPA EntityManagerFactory for persistence unit 'default'
2025-06-27T01:12:18.741-05:00  INFO 21008 --- [Tukiaos-Academico] [SpringApplicationShutdownHook] com.zaxxer.hikari.HikariDataSource       : HikariPool-1 - Shutdown initiated...
2025-06-27T01:12:18.743-05:00  INFO 21008 --- [Tukiaos-Academico] [SpringApplicationShutdownHook] com.zaxxer.hikari.HikariDataSource       : HikariPool-1 - Shutdown completed.
2025-06-27T01:15:27.505-05:00  INFO 16456 --- [Tukiaos-Academico] [JavaFX-Launcher] o.s.boot.SpringApplication               : Starting application using Java 17.0.12 with PID 16456 (started by Usuario in E:\POO-Myyspy\Tukiaos-Academico)
2025-06-27T01:15:27.509-05:00  INFO 16456 --- [Tukiaos-Academico] [JavaFX-Launcher] o.s.boot.SpringApplication               : No active profile set, falling back to 1 default profile: "default"
2025-06-27T01:15:28.071-05:00  INFO 16456 --- [Tukiaos-Academico] [JavaFX-Launcher] .s.d.r.c.RepositoryConfigurationDelegate : Bootstrapping Spring Data JPA repositories in DEFAULT mode.
2025-06-27T01:15:28.135-05:00  INFO 16456 --- [Tukiaos-Academico] [JavaFX-Launcher] .s.d.r.c.RepositoryConfigurationDelegate : Finished Spring Data repository scanning in 57 ms. Found 9 JPA repository interfaces.
2025-06-27T01:15:28.432-05:00  INFO 16456 --- [Tukiaos-Academico] [JavaFX-Launcher] o.hibernate.jpa.internal.util.LogHelper  : HHH000204: Processing PersistenceUnitInfo [name: default]
2025-06-27T01:15:28.469-05:00  INFO 16456 --- [Tukiaos-Academico] [JavaFX-Launcher] org.hibernate.Version                    : HHH000412: Hibernate ORM core version 6.6.15.Final
2025-06-27T01:15:28.493-05:00  INFO 16456 --- [Tukiaos-Academico] [JavaFX-Launcher] o.h.c.internal.RegionFactoryInitiator    : HHH000026: Second-level cache disabled
2025-06-27T01:15:28.743-05:00  INFO 16456 --- [Tukiaos-Academico] [JavaFX-Launcher] o.s.o.j.p.SpringPersistenceUnitInfo      : No LoadTimeWeaver setup: ignoring JPA class transformer
2025-06-27T01:15:28.797-05:00  INFO 16456 --- [Tukiaos-Academico] [JavaFX-Launcher] com.zaxxer.hikari.HikariDataSource       : HikariPool-1 - Starting...
2025-06-27T01:15:28.893-05:00  INFO 16456 --- [Tukiaos-Academico] [JavaFX-Launcher] com.zaxxer.hikari.pool.HikariPool        : HikariPool-1 - Added connection org.sqlite.jdbc4.JDBC4Connection@343f4f5a
2025-06-27T01:15:28.895-05:00  INFO 16456 --- [Tukiaos-Academico] [JavaFX-Launcher] com.zaxxer.hikari.HikariDataSource       : HikariPool-1 - Start completed.
2025-06-27T01:15:28.929-05:00  INFO 16456 --- [Tukiaos-Academico] [JavaFX-Launcher] org.hibernate.orm.connections.pooling    : HHH10001005: Database info:
	Database JDBC URL [Connecting through datasource 'HikariDataSource (HikariPool-1)']
	Database driver: undefined/unknown
	Database version: 3.46
	Autocommit mode: undefined/unknown
	Isolation level: undefined/unknown
	Minimum pool size: undefined/unknown
	Maximum pool size: undefined/unknown
2025-06-27T01:15:29.729-05:00  INFO 16456 --- [Tukiaos-Academico] [JavaFX-Launcher] o.h.e.t.j.p.i.JtaPlatformInitiator       : HHH000489: No JTA platform available (set 'hibernate.transaction.jta.platform' to enable JTA platform integration)
2025-06-27T01:15:29.754-05:00  INFO 16456 --- [Tukiaos-Academico] [JavaFX-Launcher] j.LocalContainerEntityManagerFactoryBean : Initialized JPA EntityManagerFactory for persistence unit 'default'
2025-06-27T01:15:30.091-05:00  INFO 16456 --- [Tukiaos-Academico] [JavaFX-Launcher] o.s.d.j.r.query.QueryEnhancerFactory     : Hibernate is in classpath; If applicable, HQL parser will be used.
2025-06-27T01:15:30.278-05:00  INFO 16456 --- [Tukiaos-Academico] [JavaFX-Launcher] o.s.boot.SpringApplication               : Started application in 3.316 seconds (process running for 3.877)
2025-06-27T01:15:35.994-05:00  WARN 16456 --- [Tukiaos-Academico] [JavaFX Application Thread] javafx                                   : Loading FXML document with JavaFX API of version 17.0.12 by JavaFX runtime of version 16
2025-06-27T01:16:11.804-05:00  INFO 16456 --- [Tukiaos-Academico] [SpringApplicationShutdownHook] j.LocalContainerEntityManagerFactoryBean : Closing JPA EntityManagerFactory for persistence unit 'default'
2025-06-27T01:16:11.807-05:00  INFO 16456 --- [Tukiaos-Academico] [SpringApplicationShutdownHook] com.zaxxer.hikari.HikariDataSource       : HikariPool-1 - Shutdown initiated...
2025-06-27T01:16:11.809-05:00  INFO 16456 --- [Tukiaos-Academico] [SpringApplicationShutdownHook] com.zaxxer.hikari.HikariDataSource       : HikariPool-1 - Shutdown completed.
